{"/workspaces/graduation-project-fedect1/backend/src/app.js": {"path":"/workspaces/graduation-project-fedect1/backend/src/app.js","statementMap":{"0":{"start":{"line":1,"column":20},"end":{"line":1,"column":42}},"1":{"start":{"line":2,"column":16},"end":{"line":2,"column":34}},"2":{"start":{"line":3,"column":13},"end":{"line":3,"column":28}},"3":{"start":{"line":4,"column":21},"end":{"line":4,"column":45}},"4":{"start":{"line":5,"column":15},"end":{"line":5,"column":32}},"5":{"start":{"line":7,"column":13},"end":{"line":7,"column":28}},"6":{"start":{"line":9,"column":0},"end":{"line":9,"column":26}},"7":{"start":{"line":10,"column":0},"end":{"line":10,"column":32}},"8":{"start":{"line":12,"column":19},"end":{"line":12,"column":42}},"9":{"start":{"line":14,"column":20},"end":{"line":14,"column":45}},"10":{"start":{"line":15,"column":20},"end":{"line":15,"column":45}},"11":{"start":{"line":16,"column":20},"end":{"line":16,"column":45}},"12":{"start":{"line":17,"column":12},"end":{"line":17,"column":21}},"13":{"start":{"line":19,"column":0},"end":{"line":19,"column":15}},"14":{"start":{"line":22,"column":19},"end":{"line":22,"column":35}},"15":{"start":{"line":23,"column":0},"end":{"line":23,"column":35}},"16":{"start":{"line":26,"column":0},"end":{"line":26,"column":47}},"17":{"start":{"line":27,"column":0},"end":{"line":27,"column":29}},"18":{"start":{"line":29,"column":0},"end":{"line":29,"column":22}},"19":{"start":{"line":30,"column":0},"end":{"line":30,"column":23}},"20":{"start":{"line":31,"column":0},"end":{"line":31,"column":48}},"21":{"start":{"line":32,"column":0},"end":{"line":32,"column":23}},"22":{"start":{"line":33,"column":0},"end":{"line":33,"column":55}},"23":{"start":{"line":35,"column":0},"end":{"line":35,"column":25}},"24":{"start":{"line":36,"column":0},"end":{"line":36,"column":30}},"25":{"start":{"line":37,"column":0},"end":{"line":37,"column":30}},"26":{"start":{"line":40,"column":0},"end":{"line":42,"column":2}},"27":{"start":{"line":41,"column":2},"end":{"line":41,"column":24}},"28":{"start":{"line":45,"column":0},"end":{"line":53,"column":2}},"29":{"start":{"line":47,"column":2},"end":{"line":47,"column":34}},"30":{"start":{"line":48,"column":2},"end":{"line":48,"column":68}},"31":{"start":{"line":51,"column":2},"end":{"line":51,"column":31}},"32":{"start":{"line":52,"column":2},"end":{"line":52,"column":21}},"33":{"start":{"line":54,"column":0},"end":{"line":54,"column":20}}},"fnMap":{"0":{"name":"(anonymous_0)","decl":{"start":{"line":40,"column":8},"end":{"line":40,"column":9}},"loc":{"start":{"line":40,"column":34},"end":{"line":42,"column":1}},"line":40},"1":{"name":"(anonymous_1)","decl":{"start":{"line":45,"column":8},"end":{"line":45,"column":9}},"loc":{"start":{"line":45,"column":39},"end":{"line":53,"column":1}},"line":45}},"branchMap":{"0":{"loc":{"start":{"line":48,"column":21},"end":{"line":48,"column":68}},"type":"cond-expr","locations":[{"start":{"line":48,"column":60},"end":{"line":48,"column":63}},{"start":{"line":48,"column":66},"end":{"line":48,"column":68}}],"line":48},"1":{"loc":{"start":{"line":51,"column":13},"end":{"line":51,"column":30}},"type":"binary-expr","locations":[{"start":{"line":51,"column":13},"end":{"line":51,"column":23}},{"start":{"line":51,"column":27},"end":{"line":51,"column":30}}],"line":51}},"s":{"0":1,"1":1,"2":1,"3":1,"4":1,"5":1,"6":1,"7":1,"8":1,"9":1,"10":1,"11":1,"12":1,"13":1,"14":1,"15":1,"16":1,"17":1,"18":1,"19":1,"20":1,"21":1,"22":1,"23":1,"24":1,"25":1,"26":1,"27":0,"28":1,"29":0,"30":0,"31":0,"32":0,"33":1},"f":{"0":0,"1":0},"b":{"0":[0,0],"1":[0,0]},"_coverageSchema":"1a1c01bbd47fc00a2c39e90264f33305004495a9","hash":"b8eedf3bae3f99fc4a74c0b453b346db11b5a89c"}
,"/workspaces/graduation-project-fedect1/backend/src/models/post.js": {"path":"/workspaces/graduation-project-fedect1/backend/src/models/post.js","statementMap":{"0":{"start":{"line":1,"column":17},"end":{"line":1,"column":36}},"1":{"start":{"line":3,"column":24},"end":{"line":3,"column":42}},"2":{"start":{"line":4,"column":29},"end":{"line":4,"column":43}},"3":{"start":{"line":5,"column":26},"end":{"line":5,"column":39}},"4":{"start":{"line":6,"column":19},"end":{"line":22,"column":2}},"5":{"start":{"line":17,"column":6},"end":{"line":17,"column":65}},"6":{"start":{"line":25,"column":4},"end":{"line":25,"column":40}},"7":{"start":{"line":26,"column":4},"end":{"line":26,"column":88}},"8":{"start":{"line":27,"column":4},"end":{"line":27,"column":21}},"9":{"start":{"line":28,"column":4},"end":{"line":28,"column":15}},"10":{"start":{"line":32,"column":4},"end":{"line":32,"column":34}},"11":{"start":{"line":33,"column":4},"end":{"line":33,"column":88}},"12":{"start":{"line":34,"column":4},"end":{"line":34,"column":21}},"13":{"start":{"line":35,"column":4},"end":{"line":35,"column":15}},"14":{"start":{"line":40,"column":4},"end":{"line":40,"column":27}},"15":{"start":{"line":41,"column":4},"end":{"line":41,"column":85}},"16":{"start":{"line":42,"column":4},"end":{"line":42,"column":21}},"17":{"start":{"line":43,"column":4},"end":{"line":43,"column":15}},"18":{"start":{"line":47,"column":4},"end":{"line":47,"column":79}},"19":{"start":{"line":47,"column":43},"end":{"line":47,"column":78}},"20":{"start":{"line":48,"column":4},"end":{"line":48,"column":85}},"21":{"start":{"line":49,"column":4},"end":{"line":49,"column":21}},"22":{"start":{"line":50,"column":4},"end":{"line":50,"column":15}},"23":{"start":{"line":55,"column":6},"end":{"line":57,"column":90}},"24":{"start":{"line":57,"column":39},"end":{"line":57,"column":78}},"25":{"start":{"line":58,"column":4},"end":{"line":58,"column":50}},"26":{"start":{"line":63,"column":6},"end":{"line":63,"column":104}},"27":{"start":{"line":63,"column":75},"end":{"line":63,"column":92}},"28":{"start":{"line":64,"column":4},"end":{"line":64,"column":46}},"29":{"start":{"line":67,"column":0},"end":{"line":67,"column":26}},"30":{"start":{"line":68,"column":0},"end":{"line":68,"column":51}}},"fnMap":{"0":{"name":"(anonymous_0)","decl":{"start":{"line":16,"column":13},"end":{"line":16,"column":14}},"loc":{"start":{"line":16,"column":25},"end":{"line":18,"column":5}},"line":16},"1":{"name":"(anonymous_1)","decl":{"start":{"line":24,"column":2},"end":{"line":24,"column":3}},"loc":{"start":{"line":24,"column":36},"end":{"line":29,"column":3}},"line":24},"2":{"name":"(anonymous_2)","decl":{"start":{"line":31,"column":2},"end":{"line":31,"column":3}},"loc":{"start":{"line":31,"column":29},"end":{"line":36,"column":3}},"line":31},"3":{"name":"(anonymous_3)","decl":{"start":{"line":38,"column":2},"end":{"line":38,"column":3}},"loc":{"start":{"line":38,"column":24},"end":{"line":44,"column":3}},"line":38},"4":{"name":"(anonymous_4)","decl":{"start":{"line":46,"column":2},"end":{"line":46,"column":3}},"loc":{"start":{"line":46,"column":25},"end":{"line":51,"column":3}},"line":46},"5":{"name":"(anonymous_5)","decl":{"start":{"line":47,"column":35},"end":{"line":47,"column":36}},"loc":{"start":{"line":47,"column":43},"end":{"line":47,"column":78}},"line":47},"6":{"name":"(anonymous_6)","decl":{"start":{"line":53,"column":2},"end":{"line":53,"column":3}},"loc":{"start":{"line":53,"column":20},"end":{"line":59,"column":3}},"line":53},"7":{"name":"(anonymous_7)","decl":{"start":{"line":57,"column":28},"end":{"line":57,"column":29}},"loc":{"start":{"line":57,"column":39},"end":{"line":57,"column":78}},"line":57},"8":{"name":"(anonymous_8)","decl":{"start":{"line":61,"column":2},"end":{"line":61,"column":3}},"loc":{"start":{"line":61,"column":17},"end":{"line":65,"column":3}},"line":61},"9":{"name":"(anonymous_9)","decl":{"start":{"line":63,"column":64},"end":{"line":63,"column":65}},"loc":{"start":{"line":63,"column":75},"end":{"line":63,"column":92}},"line":63}},"branchMap":{"0":{"loc":{"start":{"line":55,"column":6},"end":{"line":57,"column":90}},"type":"cond-expr","locations":[{"start":{"line":56,"column":10},"end":{"line":56,"column":33}},{"start":{"line":57,"column":10},"end":{"line":57,"column":90}}],"line":55},"1":{"loc":{"start":{"line":63,"column":6},"end":{"line":63,"column":104}},"type":"cond-expr","locations":[{"start":{"line":63,"column":32},"end":{"line":63,"column":46}},{"start":{"line":63,"column":49},"end":{"line":63,"column":104}}],"line":63}},"s":{"0":1,"1":1,"2":1,"3":1,"4":1,"5":2,"6":0,"7":0,"8":0,"9":0,"10":0,"11":0,"12":0,"13":0,"14":0,"15":0,"16":0,"17":0,"18":0,"19":0,"20":0,"21":0,"22":0,"23":0,"24":0,"25":0,"26":0,"27":0,"28":0,"29":1,"30":1},"f":{"0":2,"1":0,"2":0,"3":0,"4":0,"5":0,"6":0,"7":0,"8":0,"9":0},"b":{"0":[0,0],"1":[0,0]},"_coverageSchema":"1a1c01bbd47fc00a2c39e90264f33305004495a9","hash":"e8a99b06a37575fea15394b3af3f3f51cf63de02"}
,"/workspaces/graduation-project-fedect1/backend/src/models/user.js": {"path":"/workspaces/graduation-project-fedect1/backend/src/models/user.js","statementMap":{"0":{"start":{"line":1,"column":13},"end":{"line":1,"column":30}},"1":{"start":{"line":2,"column":17},"end":{"line":2,"column":36}},"2":{"start":{"line":3,"column":21},"end":{"line":3,"column":53}},"3":{"start":{"line":5,"column":19},"end":{"line":13,"column":2}},"4":{"start":{"line":15,"column":0},"end":{"line":15,"column":31}},"5":{"start":{"line":19,"column":20},"end":{"line":19,"column":67}},"6":{"start":{"line":20,"column":4},"end":{"line":20,"column":28}},"7":{"start":{"line":21,"column":4},"end":{"line":21,"column":21}},"8":{"start":{"line":22,"column":4},"end":{"line":22,"column":18}},"9":{"start":{"line":27,"column":22},"end":{"line":27,"column":82}},"10":{"start":{"line":27,"column":51},"end":{"line":27,"column":81}},"11":{"start":{"line":28,"column":4},"end":{"line":30,"column":5}},"12":{"start":{"line":29,"column":6},"end":{"line":29,"column":72}},"13":{"start":{"line":31,"column":4},"end":{"line":31,"column":35}},"14":{"start":{"line":32,"column":4},"end":{"line":32,"column":21}},"15":{"start":{"line":37,"column":4},"end":{"line":37,"column":29}},"16":{"start":{"line":38,"column":4},"end":{"line":38,"column":21}},"17":{"start":{"line":39,"column":4},"end":{"line":39,"column":30}},"18":{"start":{"line":40,"column":4},"end":{"line":40,"column":21}},"19":{"start":{"line":41,"column":4},"end":{"line":41,"column":15}},"20":{"start":{"line":45,"column":26},"end":{"line":45,"column":111}},"21":{"start":{"line":45,"column":63},"end":{"line":45,"column":110}},"22":{"start":{"line":46,"column":4},"end":{"line":48,"column":5}},"23":{"start":{"line":47,"column":6},"end":{"line":47,"column":77}},"24":{"start":{"line":49,"column":4},"end":{"line":49,"column":43}},"25":{"start":{"line":50,"column":4},"end":{"line":50,"column":64}},"26":{"start":{"line":51,"column":4},"end":{"line":51,"column":15}},"27":{"start":{"line":52,"column":4},"end":{"line":52,"column":15}},"28":{"start":{"line":53,"column":4},"end":{"line":53,"column":15}},"29":{"start":{"line":56,"column":0},"end":{"line":56,"column":26}},"30":{"start":{"line":57,"column":0},"end":{"line":57,"column":51}}},"fnMap":{"0":{"name":"(anonymous_0)","decl":{"start":{"line":18,"column":2},"end":{"line":18,"column":3}},"loc":{"start":{"line":18,"column":29},"end":{"line":23,"column":3}},"line":18},"1":{"name":"(anonymous_1)","decl":{"start":{"line":26,"column":2},"end":{"line":26,"column":3}},"loc":{"start":{"line":26,"column":27},"end":{"line":33,"column":3}},"line":26},"2":{"name":"(anonymous_2)","decl":{"start":{"line":27,"column":43},"end":{"line":27,"column":44}},"loc":{"start":{"line":27,"column":51},"end":{"line":27,"column":81}},"line":27},"3":{"name":"(anonymous_3)","decl":{"start":{"line":36,"column":2},"end":{"line":36,"column":3}},"loc":{"start":{"line":36,"column":21},"end":{"line":42,"column":3}},"line":36},"4":{"name":"(anonymous_4)","decl":{"start":{"line":44,"column":2},"end":{"line":44,"column":3}},"loc":{"start":{"line":44,"column":17},"end":{"line":54,"column":3}},"line":44},"5":{"name":"(anonymous_5)","decl":{"start":{"line":45,"column":51},"end":{"line":45,"column":52}},"loc":{"start":{"line":45,"column":63},"end":{"line":45,"column":110}},"line":45}},"branchMap":{"0":{"loc":{"start":{"line":28,"column":4},"end":{"line":30,"column":5}},"type":"if","locations":[{"start":{"line":28,"column":4},"end":{"line":30,"column":5}},{"start":{},"end":{}}],"line":28},"1":{"loc":{"start":{"line":46,"column":4},"end":{"line":48,"column":5}},"type":"if","locations":[{"start":{"line":46,"column":4},"end":{"line":48,"column":5}},{"start":{},"end":{}}],"line":46}},"s":{"0":1,"1":1,"2":1,"3":1,"4":1,"5":2,"6":2,"7":2,"8":2,"9":1,"10":1,"11":1,"12":0,"13":1,"14":1,"15":0,"16":0,"17":0,"18":0,"19":0,"20":0,"21":0,"22":0,"23":0,"24":0,"25":0,"26":0,"27":0,"28":0,"29":1,"30":1},"f":{"0":2,"1":1,"2":1,"3":0,"4":0,"5":0},"b":{"0":[0,1],"1":[0,0]},"_coverageSchema":"1a1c01bbd47fc00a2c39e90264f33305004495a9","hash":"e0b5db7b7218d203c40356c925e8ab5e9740950e"}
}
