{"/workspaces/graduation-project-fedect1/backend/src/routes/users.js": {"path":"/workspaces/graduation-project-fedect1/backend/src/routes/users.js","statementMap":{"0":{"start":{"line":1,"column":14},"end":{"line":1,"column":32}},"1":{"start":{"line":2,"column":13},"end":{"line":2,"column":29}},"2":{"start":{"line":3,"column":13},"end":{"line":3,"column":38}},"3":{"start":{"line":7,"column":0},"end":{"line":10,"column":2}},"4":{"start":{"line":8,"column":16},"end":{"line":8,"column":33}},"5":{"start":{"line":9,"column":2},"end":{"line":9,"column":17}},"6":{"start":{"line":13,"column":0},"end":{"line":16,"column":2}},"7":{"start":{"line":14,"column":15},"end":{"line":14,"column":53}},"8":{"start":{"line":15,"column":2},"end":{"line":15,"column":16}},"9":{"start":{"line":20,"column":0},"end":{"line":29,"column":2}},"10":{"start":{"line":21,"column":2},"end":{"line":28,"column":3}},"11":{"start":{"line":22,"column":4},"end":{"line":22,"column":30}},"12":{"start":{"line":23,"column":37},"end":{"line":23,"column":45}},"13":{"start":{"line":24,"column":17},"end":{"line":24,"column":63}},"14":{"start":{"line":25,"column":4},"end":{"line":25,"column":30}},"15":{"start":{"line":27,"column":4},"end":{"line":27,"column":15}},"16":{"start":{"line":32,"column":0},"end":{"line":40,"column":2}},"17":{"start":{"line":33,"column":2},"end":{"line":39,"column":3}},"18":{"start":{"line":34,"column":17},"end":{"line":34,"column":73}},"19":{"start":{"line":35,"column":18},"end":{"line":35,"column":28}},"20":{"start":{"line":36,"column":4},"end":{"line":36,"column":33}},"21":{"start":{"line":38,"column":4},"end":{"line":38,"column":39}},"22":{"start":{"line":44,"column":0},"end":{"line":55,"column":2}},"23":{"start":{"line":46,"column":2},"end":{"line":54,"column":3}},"24":{"start":{"line":48,"column":17},"end":{"line":48,"column":55}},"25":{"start":{"line":49,"column":21},"end":{"line":49,"column":63}},"26":{"start":{"line":50,"column":25},"end":{"line":50,"column":52}},"27":{"start":{"line":51,"column":4},"end":{"line":51,"column":38}},"28":{"start":{"line":53,"column":4},"end":{"line":53,"column":39}},"29":{"start":{"line":59,"column":0},"end":{"line":75,"column":2}},"30":{"start":{"line":60,"column":2},"end":{"line":74,"column":3}},"31":{"start":{"line":61,"column":17},"end":{"line":61,"column":55}},"32":{"start":{"line":62,"column":4},"end":{"line":64,"column":5}},"33":{"start":{"line":63,"column":6},"end":{"line":63,"column":64}},"34":{"start":{"line":65,"column":4},"end":{"line":65,"column":56}},"35":{"start":{"line":66,"column":23},"end":{"line":66,"column":65}},"36":{"start":{"line":67,"column":4},"end":{"line":69,"column":5}},"37":{"start":{"line":68,"column":6},"end":{"line":68,"column":76}},"38":{"start":{"line":70,"column":4},"end":{"line":70,"column":35}},"39":{"start":{"line":71,"column":4},"end":{"line":71,"column":23}},"40":{"start":{"line":73,"column":4},"end":{"line":73,"column":39}},"41":{"start":{"line":79,"column":0},"end":{"line":90,"column":2}},"42":{"start":{"line":80,"column":2},"end":{"line":89,"column":3}},"43":{"start":{"line":81,"column":17},"end":{"line":81,"column":55}},"44":{"start":{"line":82,"column":4},"end":{"line":84,"column":5}},"45":{"start":{"line":83,"column":6},"end":{"line":83,"column":64}},"46":{"start":{"line":85,"column":22},"end":{"line":85,"column":42}},"47":{"start":{"line":86,"column":4},"end":{"line":86,"column":39}},"48":{"start":{"line":88,"column":4},"end":{"line":88,"column":39}},"49":{"start":{"line":93,"column":0},"end":{"line":104,"column":2}},"50":{"start":{"line":94,"column":2},"end":{"line":103,"column":3}},"51":{"start":{"line":95,"column":17},"end":{"line":95,"column":55}},"52":{"start":{"line":96,"column":4},"end":{"line":98,"column":5}},"53":{"start":{"line":97,"column":6},"end":{"line":97,"column":64}},"54":{"start":{"line":99,"column":23},"end":{"line":99,"column":37}},"55":{"start":{"line":100,"column":4},"end":{"line":100,"column":40}},"56":{"start":{"line":102,"column":4},"end":{"line":102,"column":39}},"57":{"start":{"line":108,"column":0},"end":{"line":130,"column":4}},"58":{"start":{"line":109,"column":15},"end":{"line":109,"column":53}},"59":{"start":{"line":110,"column":18},"end":{"line":114,"column":3}},"60":{"start":{"line":115,"column":2},"end":{"line":115,"column":31}},"61":{"start":{"line":119,"column":4},"end":{"line":129,"column":5}},"62":{"start":{"line":120,"column":19},"end":{"line":120,"column":57}},"63":{"start":{"line":121,"column":6},"end":{"line":123,"column":7}},"64":{"start":{"line":122,"column":8},"end":{"line":122,"column":66}},"65":{"start":{"line":124,"column":6},"end":{"line":124,"column":31}},"66":{"start":{"line":125,"column":6},"end":{"line":125,"column":23}},"67":{"start":{"line":126,"column":6},"end":{"line":126,"column":32}},"68":{"start":{"line":128,"column":6},"end":{"line":128,"column":41}},"69":{"start":{"line":133,"column":0},"end":{"line":145,"column":2}},"70":{"start":{"line":134,"column":2},"end":{"line":144,"column":3}},"71":{"start":{"line":135,"column":17},"end":{"line":135,"column":55}},"72":{"start":{"line":136,"column":4},"end":{"line":138,"column":5}},"73":{"start":{"line":137,"column":6},"end":{"line":137,"column":64}},"74":{"start":{"line":139,"column":4},"end":{"line":139,"column":43}},"75":{"start":{"line":140,"column":4},"end":{"line":140,"column":21}},"76":{"start":{"line":141,"column":4},"end":{"line":141,"column":30}},"77":{"start":{"line":143,"column":4},"end":{"line":143,"column":39}},"78":{"start":{"line":149,"column":0},"end":{"line":149,"column":23}}},"fnMap":{"0":{"name":"(anonymous_0)","decl":{"start":{"line":7,"column":16},"end":{"line":7,"column":17}},"loc":{"start":{"line":7,"column":48},"end":{"line":10,"column":1}},"line":7},"1":{"name":"(anonymous_1)","decl":{"start":{"line":13,"column":23},"end":{"line":13,"column":24}},"loc":{"start":{"line":13,"column":55},"end":{"line":16,"column":1}},"line":13},"2":{"name":"(anonymous_2)","decl":{"start":{"line":20,"column":17},"end":{"line":20,"column":18}},"loc":{"start":{"line":20,"column":49},"end":{"line":29,"column":1}},"line":20},"3":{"name":"(anonymous_3)","decl":{"start":{"line":32,"column":37},"end":{"line":32,"column":38}},"loc":{"start":{"line":32,"column":69},"end":{"line":40,"column":1}},"line":32},"4":{"name":"(anonymous_4)","decl":{"start":{"line":44,"column":38},"end":{"line":44,"column":39}},"loc":{"start":{"line":44,"column":70},"end":{"line":55,"column":1}},"line":44},"5":{"name":"(anonymous_5)","decl":{"start":{"line":59,"column":58},"end":{"line":59,"column":59}},"loc":{"start":{"line":59,"column":90},"end":{"line":75,"column":1}},"line":59},"6":{"name":"(anonymous_6)","decl":{"start":{"line":79,"column":41},"end":{"line":79,"column":42}},"loc":{"start":{"line":79,"column":73},"end":{"line":90,"column":1}},"line":79},"7":{"name":"(anonymous_7)","decl":{"start":{"line":93,"column":42},"end":{"line":93,"column":43}},"loc":{"start":{"line":93,"column":74},"end":{"line":104,"column":1}},"line":93},"8":{"name":"(anonymous_8)","decl":{"start":{"line":108,"column":31},"end":{"line":108,"column":32}},"loc":{"start":{"line":108,"column":63},"end":{"line":116,"column":1}},"line":108},"9":{"name":"(anonymous_9)","decl":{"start":{"line":118,"column":38},"end":{"line":118,"column":39}},"loc":{"start":{"line":118,"column":70},"end":{"line":130,"column":3}},"line":118},"10":{"name":"(anonymous_10)","decl":{"start":{"line":133,"column":43},"end":{"line":133,"column":44}},"loc":{"start":{"line":133,"column":75},"end":{"line":145,"column":1}},"line":133}},"branchMap":{"0":{"loc":{"start":{"line":62,"column":4},"end":{"line":64,"column":5}},"type":"if","locations":[{"start":{"line":62,"column":4},"end":{"line":64,"column":5}},{"start":{},"end":{}}],"line":62},"1":{"loc":{"start":{"line":67,"column":4},"end":{"line":69,"column":5}},"type":"if","locations":[{"start":{"line":67,"column":4},"end":{"line":69,"column":5}},{"start":{},"end":{}}],"line":67},"2":{"loc":{"start":{"line":82,"column":4},"end":{"line":84,"column":5}},"type":"if","locations":[{"start":{"line":82,"column":4},"end":{"line":84,"column":5}},{"start":{},"end":{}}],"line":82},"3":{"loc":{"start":{"line":96,"column":4},"end":{"line":98,"column":5}},"type":"if","locations":[{"start":{"line":96,"column":4},"end":{"line":98,"column":5}},{"start":{},"end":{}}],"line":96},"4":{"loc":{"start":{"line":121,"column":6},"end":{"line":123,"column":7}},"type":"if","locations":[{"start":{"line":121,"column":6},"end":{"line":123,"column":7}},{"start":{},"end":{}}],"line":121},"5":{"loc":{"start":{"line":136,"column":4},"end":{"line":138,"column":5}},"type":"if","locations":[{"start":{"line":136,"column":4},"end":{"line":138,"column":5}},{"start":{},"end":{}}],"line":136}},"s":{"0":1,"1":1,"2":1,"3":1,"4":0,"5":0,"6":1,"7":0,"8":0,"9":1,"10":0,"11":0,"12":0,"13":0,"14":0,"15":0,"16":1,"17":0,"18":0,"19":0,"20":0,"21":0,"22":1,"23":0,"24":0,"25":0,"26":0,"27":0,"28":0,"29":1,"30":0,"31":0,"32":0,"33":0,"34":0,"35":0,"36":0,"37":0,"38":0,"39":0,"40":0,"41":1,"42":0,"43":0,"44":0,"45":0,"46":0,"47":0,"48":0,"49":1,"50":0,"51":0,"52":0,"53":0,"54":0,"55":0,"56":0,"57":1,"58":0,"59":0,"60":0,"61":0,"62":0,"63":0,"64":0,"65":0,"66":0,"67":0,"68":0,"69":1,"70":0,"71":0,"72":0,"73":0,"74":0,"75":0,"76":0,"77":0,"78":1},"f":{"0":0,"1":0,"2":0,"3":0,"4":0,"5":0,"6":0,"7":0,"8":0,"9":0,"10":0},"b":{"0":[0,0],"1":[0,0],"2":[0,0],"3":[0,0],"4":[0,0],"5":[0,0]},"_coverageSchema":"1a1c01bbd47fc00a2c39e90264f33305004495a9","hash":"7e586409e3a3f0f544237b0b7f2130dcbb4c7b9d"}
}
